1259 paragraphe(s)/citation(s) a traiter.
Element 2/1259 (<p>)... OK
Element 3/1259 (<p>)... OK
Element 4/1259 (<p>)... OK
Element 5/1259 (<p>)... OK
Element 6/1259 (<p>)... OK
Element 7/1259 (<p>)... OK
Element 8/1259 (<p>)... OK
Element 9/1259 (<p>)... OK
Element 10/1259 (<p>)... OK
Element 11/1259 (<p>)... OK
Element 12/1259 (<p>)... OK
Element 13/1259 (<p>)... OK
Element 14/1259 (<p>)... OK
Element 15/1259 (<p>)... OK
Element 16/1259 (<p>)... OK
Element 17/1259 (<p>)... OK
Element 18/1259 (<p>)... OK
Element 19/1259 (<p>)... OK
Element 20/1259 (<p>)... OK
Element 21/1259 (<p>)... OK
Element 22/1259 (<p>)... OK
Element 23/1259 (<p>)... OK
Element 24/1259 (<p>)... OK
Element 25/1259 (<p>)... OK
Element 26/1259 (<p>)... OK
Element 27/1259 (<p>)... OK
Element 28/1259 (<p>)... OK
Element 29/1259 (<p>)... OK
Element 30/1259 (<p>)... OK
Element 31/1259 (<p>)... OK
Element 32/1259 (<p>)... OK
Element 33/1259 (<p>)... OK
Element 34/1259 (<p>)... OK
Element 35/1259 (<p>)... OK
Element 36/1259 (<p>)... OK
Element 37/1259 (<p>)... OK
Element 38/1259 (<p>)... OK
Element 39/1259 (<p>)... OK
Element 40/1259 (<p>)... OK
Element 41/1259 (<p>)... OK
Element 42/1259 (<p>)... OK
Element 43/1259 (<p>)... OK
Element 44/1259 (<p>)... OK
Element 45/1259 (<p>)... OK
Element 46/1259 (<p>)... OK
Element 47/1259 (<p>)... OK
Element 48/1259 (<p>)... OK
Element 49/1259 (<p>)... OK
Element 50/1259 (<p>)... OK
Element 51/1259 (<p>)... OK
Element 52/1259 (<p>)...  (erreur tentative 1/3: API error occurred: Status 429
{"object":"error","message":"Rate limit exceeded","type":"rate_limited","param":null,"code":"1300","raw_status_code":429}) (erreur tentative 2/3: API error occurred: Status 429
{"object":"error","message":"Rate limit exceeded","type":"rate_limited","param":null,"code":"1300","raw_status_code":429}) (erreur tentative 3/3: API error occurred: Status 429
{"object":"error","message":"Rate limit exceeded","type":"rate_limited","param":null,"code":"1300","raw_status_code":429})[ECHEC apres 3 tentatives, element laisse tel quel]
Element 53/1259 (<p>)...  (erreur tentative 1/3: API error occurred: Status 429
{"object":"error","message":"Rate limit exceeded","type":"rate_limited","param":null,"code":"1300","raw_status_code":429})OK
Element 54/1259 (<p>)... OK
Element 55/1259 (<p>)... OK
Element 56/1259 (<p>)... OK
Element 57/1259 (<p>)... OK
Element 58/1259 (<p>)... OK
Element 59/1259 (<p>)... OK
Element 60/1259 (<p>)... OK
Element 61/1259 (<p>)... OK
Element 62/1259 (<p>)... OK
Element 63/1259 (<p>)... OK
Element 64/1259 (<p>)... OK
Element 65/1259 (<p>)... OK
Element 66/1259 (<p>)... OK
Element 67/1259 (<p>)... OK
Element 68/1259 (<p>)... OK
Element 69/1259 (<p>)... OK
Element 70/1259 (<p>)... OK
Element 71/1259 (<p>)... OK
Element 72/1259 (<p>)... OK
Element 73/1259 (<p>)... OK
Element 74/1259 (<p>)... OK
Element 75/1259 (<p>)... OK
Element 76/1259 (<p>)... OK
Element 77/1259 (<p>)... OK
Element 78/1259 (<p>)... OK
Element 79/1259 (<p>)... OK
Element 80/1259 (<p>)... OK
Element 81/1259 (<p>)... OK
Element 82/1259 (<p>)... OK
Element 83/1259 (<p>)... OK
Element 84/1259 (<p>)... OK
Element 85/1259 (<p>)... OK
Element 86/1259 (<p>)... OK
Element 87/1259 (<p>)... OK
Element 88/1259 (<p>)... OK
Element 89/1259 (<p>)... OK
Element 90/1259 (<p>)... OK
Element 91/1259 (<p>)... OK
Element 92/1259 (<p>)... OK
Element 93/1259 (<p>)... OK
Element 94/1259 (<p>)... OK
Element 95/1259 (<p>)... OK
Element 96/1259 (<p>)... OK
Element 97/1259 (<p>)... OK
Element 98/1259 (<p>)... OK
Element 99/1259 (<p>)... OK
Element 100/1259 (<p>)... OK
Element 101/1259 (<p>)... OK
Element 102/1259 (<p>)... OK
Element 103/1259 (<p>)...  (erreur tentative 1/3: API error occurred: Status 429
{"object":"error","message":"Rate limit exceeded","type":"rate_limited","param":null,"code":"1300","raw_status_code":429}) (erreur tentative 2/3: API error occurred: Status 429
{"object":"error","message":"Rate limit exceeded","type":"rate_limited","param":null,"code":"1300","raw_status_code":429}) (erreur tentative 3/3: API error occurred: Status 429
{"object":"error","message":"Rate limit exceeded","type":"rate_limited","param":null,"code":"1300","raw_status_code":429})[ECHEC apres 3 tentatives, element laisse tel quel]
Element 104/1259 (<p>)...  (erreur tentative 1/3: API error occurred: Status 429
{"object":"error","message":"Rate limit exceeded","type":"rate_limited","param":null,"code":"1300","raw_status_code":429}) (erreur tentative 2/3: API error occurred: Status 429
{"object":"error","message":"Rate limit exceeded","type":"rate_limited","param":null,"code":"1300","raw_status_code":429}) (erreur tentative 3/3: API error occurred: Status 429
{"object":"error","message":"Rate limit exceeded","type":"rate_limited","param":null,"code":"1300","raw_status_code":429})[ECHEC apres 3 tentatives, element laisse tel quel]
Element 105/1259 (<p>)...  (erreur tentative 1/3: API error occurred: Status 429
{"object":"error","message":"Rate limit exceeded","type":"rate_limited","param":null,"code":"1300","raw_status_code":429}) (erreur tentative 2/3: API error occurred: Status 429
{"object":"error","message":"Rate limit exceeded","type":"rate_limited","param":null,"code":"1300","raw_status_code":429}) (erreur tentative 3/3: API error occurred: Status 429
{"object":"error","message":"Rate limit exceeded","type":"rate_limited","param":null,"code":"1300","raw_status_code":429})[ECHEC apres 3 tentatives, element laisse tel quel]
Element 106/1259 (<p>)... OK
Element 107/1259 (<p>)... OK
Element 108/1259 (<p>)... OK
Element 109/1259 (<p>)... OK
Element 110/1259 (<p>)... OK
Element 111/1259 (<p>)... OK
Element 112/1259 (<p>)... OK
Element 113/1259 (<p>)... OK
Element 114/1259 (<p>)... OK
Element 115/1259 (<p>)... OK
Element 116/1259 (<p>)... OK
Element 117/1259 (<p>)... OK
Element 118/1259 (<p>)... OK
Element 119/1259 (<p>)... OK
Element 120/1259 (<p>)... OK
Element 121/1259 (<p>)... OK
Element 122/1259 (<p>)... OK
Element 123/1259 (<p>)... OK
Element 124/1259 (<p>)... OK
Element 125/1259 (<p>)... OK
Element 126/1259 (<p>)... OK
Element 127/1259 (<p>)... OK
Element 128/1259 (<p>)... OK
Element 129/1259 (<p>)... OK
Element 130/1259 (<p>)... OK
Element 131/1259 (<p>)... OK
Element 132/1259 (<p>)... OK
Element 133/1259 (<p>)... OK
Element 134/1259 (<p>)... OK
Element 135/1259 (<p>)... OK
Element 136/1259 (<p>)... OK
Element 137/1259 (<p>)... OK
Element 138/1259 (<p>)... OK
Element 139/1259 (<p>)... OK
Element 140/1259 (<p>)... OK
Element 141/1259 (<p>)... OK
Element 142/1259 (<p>)... OK
Element 143/1259 (<p>)... OK
Element 144/1259 (<p>)... OK
Element 145/1259 (<p>)... OK
Element 146/1259 (<p>)... OK
Element 147/1259 (<p>)... OK
Element 148/1259 (<p>)... OK
Element 149/1259 (<p>)... OK
Element 150/1259 (<p>)... OK
Element 151/1259 (<p>)... OK
Element 152/1259 (<p>)... OK
Element 153/1259 (<p>)... OK
Element 154/1259 (<p>)... OK
Element 155/1259 (<p>)... OK
Element 156/1259 (<p>)...  (erreur tentative 1/3: API error occurred: Status 429
{"object":"error","message":"Rate limit exceeded","type":"rate_limited","param":null,"code":"1300","raw_status_code":429}) (erreur tentative 2/3: API error occurred: Status 429
{"object":"error","message":"Rate limit exceeded","type":"rate_limited","param":null,"code":"1300","raw_status_code":429}) (erreur tentative 3/3: API error occurred: Status 429
{"object":"error","message":"Rate limit exceeded","type":"rate_limited","param":null,"code":"1300","raw_status_code":429})[ECHEC apres 3 tentatives, element laisse tel quel]
Element 157/1259 (<p>)...  (erreur tentative 1/3: API error occurred: Status 429
{"object":"error","message":"Rate limit exceeded","type":"rate_limited","param":null,"code":"1300","raw_status_code":429}) (erreur tentative 2/3: API error occurred: Status 429
{"object":"error","message":"Rate limit exceeded","type":"rate_limited","param":null,"code":"1300","raw_status_code":429}) (erreur tentative 3/3: API error occurred: Status 429
{"object":"error","message":"Rate limit exceeded","type":"rate_limited","param":null,"code":"1300","raw_status_code":429})[ECHEC apres 3 tentatives, element laisse tel quel]
Element 158/1259 (<p>)...  (erreur tentative 1/3: API error occurred: Status 429
{"object":"error","message":"Rate limit exceeded","type":"rate_limited","param":null,"code":"1300","raw_status_code":429}) (erreur tentative 2/3: API error occurred: Status 429
{"object":"error","message":"Rate limit exceeded","type":"rate_limited","param":null,"code":"1300","raw_status_code":429}) (erreur tentative 3/3: API error occurred: Status 429
{"object":"error","message":"Rate limit exceeded","type":"rate_limited","param":null,"code":"1300","raw_status_code":429})[ECHEC apres 3 tentatives, element laisse tel quel]
Element 159/1259 (<p>)...  (erreur tentative 1/3: API error occurred: Status 429
{"object":"error","message":"Rate limit exceeded","type":"rate_limited","param":null,"code":"1300","raw_status_code":429})OK
Element 160/1259 (<p>)... OK
Element 161/1259 (<p>)... OK
Element 162/1259 (<p>)... OK
Element 163/1259 (<p>)... OK
Element 164/1259 (<p>)... OK
Element 165/1259 (<p>)... OK
Element 166/1259 (<p>)... OK
Element 167/1259 (<p>)... OK
Element 168/1259 (<p>)... OK
Element 169/1259 (<p>)... OK
Element 170/1259 (<p>)... OK
Element 171/1259 (<p>)... OK
Element 172/1259 (<p>)... OK
Element 173/1259 (<p>)... OK
Element 174/1259 (<p>)... OK
Element 175/1259 (<p>)... OK
Element 176/1259 (<p>)... OK
Element 177/1259 (<p>)... OK
Element 178/1259 (<p>)... OK
Element 179/1259 (<p>)... OK
Element 180/1259 (<p>)... OK
Element 181/1259 (<p>)... OK
Element 182/1259 (<p>)... OK
Element 183/1259 (<p>)... OK
Element 184/1259 (<p>)... OK
Element 185/1259 (<p>)... OK
Element 186/1259 (<p>)... OK
Element 187/1259 (<p>)... OK
Element 188/1259 (<p>)... OK
Element 189/1259 (<p>)... OK
Element 190/1259 (<p>)... OK
Element 191/1259 (<p>)... OK
Element 192/1259 (<p>)... OK
Element 193/1259 (<p>)... OK
Element 194/1259 (<p>)... OK
Element 195/1259 (<p>)... OK
Element 196/1259 (<p>)... OK
Element 197/1259 (<p>)... OK
Element 198/1259 (<p>)... OK
Element 199/1259 (<p>)... OK
Element 200/1259 (<p>)... OK
Element 201/1259 (<p>)... OK
Element 202/1259 (<p>)... OK
Element 203/1259 (<p>)... OK
Element 204/1259 (<p>)... OK
Element 205/1259 (<p>)... OK
Element 206/1259 (<p>)... OK
Element 207/1259 (<p>)... OK
Element 208/1259 (<p>)... OK
Element 209/1259 (<p>)...  (erreur tentative 1/3: API error occurred: Status 429
{"object":"error","message":"Rate limit exceeded","type":"rate_limited","param":null,"code":"1300","raw_status_code":429}) (erreur tentative 2/3: API error occurred: Status 429
{"object":"error","message":"Rate limit exceeded","type":"rate_limited","param":null,"code":"1300","raw_status_code":429}) (erreur tentative 3/3: API error occurred: Status 429
{"object":"error","message":"Rate limit exceeded","type":"rate_limited","param":null,"code":"1300","raw_status_code":429})[ECHEC apres 3 tentatives, element laisse tel quel]
Element 210/1259 (<p>)...  (erreur tentative 1/3: API error occurred: Status 429
{"object":"error","message":"Rate limit exceeded","type":"rate_limited","param":null,"code":"1300","raw_status_code":429}) (erreur tentative 2/3: API error occurred: Status 429
{"object":"error","message":"Rate limit exceeded","type":"rate_limited","param":null,"code":"1300","raw_status_code":429}) (erreur tentative 3/3: API error occurred: Status 429
{"object":"error","message":"Rate limit exceeded","type":"rate_limited","param":null,"code":"1300","raw_status_code":429})[ECHEC apres 3 tentatives, element laisse tel quel]
Element 211/1259 (<p>)...  (erreur tentative 1/3: API error occurred: Status 429
{"object":"error","message":"Rate limit exceeded","type":"rate_limited","param":null,"code":"1300","raw_status_code":429}) (erreur tentative 2/3: API error occurred: Status 429
{"object":"error","message":"Rate limit exceeded","type":"rate_limited","param":null,"code":"1300","raw_status_code":429}) (erreur tentative 3/3: API error occurred: Status 429
{"object":"error","message":"Rate limit exceeded","type":"rate_limited","param":null,"code":"1300","raw_status_code":429})[ECHEC apres 3 tentatives, element laisse tel quel]
Element 212/1259 (<p>)...  (erreur tentative 1/3: API error occurred: Status 429
{"object":"error","message":"Rate limit exceeded","type":"rate_limited","param":null,"code":"1300","raw_status_code":429})OK
Element 213/1259 (<p>)... OK
Element 214/1259 (<p>)... OK
Element 215/1259 (<p>)... OK
Element 216/1259 (<p>)... OK
Element 217/1259 (<p>)... OK
Element 218/1259 (<p>)... OK
Element 219/1259 (<p>)... OK
Element 220/1259 (<p>)... OK
Element 221/1259 (<p>)... OK
Element 222/1259 (<p>)... OK
Element 223/1259 (<p>)... OK
Element 224/1259 (<p>)... OK
Element 225/1259 (<p>)... OK
Element 226/1259 (<p>)... OK
Element 227/1259 (<p>)... OK
Element 228/1259 (<p>)... OK
Element 229/1259 (<p>)... OK
Element 230/1259 (<p>)... OK
Element 231/1259 (<p>)... OK
Element 232/1259 (<p>)... OK
Element 233/1259 (<p>)... OK
Element 234/1259 (<p>)... OK
Element 235/1259 (<p>)... OK
Element 236/1259 (<p>)... OK
Element 237/1259 (<p>)... OK
Element 238/1259 (<p>)... OK
Element 239/1259 (<p>)... OK
Element 240/1259 (<p>)... OK
Element 241/1259 (<p>)... OK
Element 242/1259 (<p>)... OK
Element 243/1259 (<p>)... OK
Element 244/1259 (<p>)... OK
Element 245/1259 (<p>)... OK
Element 246/1259 (<p>)... OK
Element 247/1259 (<p>)... OK
Element 248/1259 (<p>)... OK
Element 249/1259 (<p>)... OK
Element 250/1259 (<p>)... OK
Element 251/1259 (<p>)... OK
Element 252/1259 (<p>)... OK
Element 253/1259 (<p>)... OK
Element 254/1259 (<p>)... OK
Element 255/1259 (<p>)... OK
Element 256/1259 (<p>)... OK
Element 257/1259 (<p>)... OK
Element 258/1259 (<p>)... OK
Element 259/1259 (<p>)... OK
Element 260/1259 (<p>)... OK
Element 261/1259 (<p>)... OK
Element 262/1259 (<p>)...  (erreur tentative 1/3: API error occurred: Status 429
{"object":"error","message":"Rate limit exceeded","type":"rate_limited","param":null,"code":"1300","raw_status_code":429}) (erreur tentative 2/3: API error occurred: Status 429
{"object":"error","message":"Rate limit exceeded","type":"rate_limited","param":null,"code":"1300","raw_status_code":429}) (erreur tentative 3/3: API error occurred: Status 429
{"object":"error","message":"Rate limit exceeded","type":"rate_limited","param":null,"code":"1300","raw_status_code":429})[ECHEC apres 3 tentatives, element laisse tel quel]
Element 263/1259 (<p>)...  (erreur tentative 1/3: API error occurred: Status 429
{"object":"error","message":"Rate limit exceeded","type":"rate_limited","param":null,"code":"1300","raw_status_code":429}) (erreur tentative 2/3: API error occurred: Status 429
{"object":"error","message":"Rate limit exceeded","type":"rate_limited","param":null,"code":"1300","raw_status_code":429}) (erreur tentative 3/3: API error occurred: Status 429
{"object":"error","message":"Rate limit exceeded","type":"rate_limited","param":null,"code":"1300","raw_status_code":429})[ECHEC apres 3 tentatives, element laisse tel quel]
Element 264/1259 (<p>)...  (erreur tentative 1/3: API error occurred: Status 429
{"object":"error","message":"Rate limit exceeded","type":"rate_limited","param":null,"code":"1300","raw_status_code":429}) (erreur tentative 2/3: API error occurred: Status 429
{"object":"error","message":"Rate limit exceeded","type":"rate_limited","param":null,"code":"1300","raw_status_code":429}) (erreur tentative 3/3: API error occurred: Status 429
{"object":"error","message":"Rate limit exceeded","type":"rate_limited","param":null,"code":"1300","raw_status_code":429})[ECHEC apres 3 tentatives, element laisse tel quel]
Element 265/1259 (<p>)... OK
Element 266/1259 (<p>)... OK
Element 267/1259 (<p>)... OK
Element 268/1259 (<p>)... OK
Element 269/1259 (<p>)... OK
Element 270/1259 (<p>)... OK
Element 271/1259 (<p>)... OK
Element 272/1259 (<p>)... OK
Element 273/1259 (<p>)... OK
Element 274/1259 (<p>)... OK
Element 275/1259 (<p>)... OK
Element 276/1259 (<p>)... OK
Element 277/1259 (<p>)... OK
Element 278/1259 (<p>)... OK
Element 279/1259 (<p>)... OK
Element 280/1259 (<p>)... OK
Element 281/1259 (<p>)... OK
Element 282/1259 (<p>)... OK
Element 283/1259 (<p>)... OK
Element 284/1259 (<p>)... OK
Element 285/1259 (<p>)... OK
Element 286/1259 (<p>)... OK
Element 287/1259 (<p>)... OK
Element 288/1259 (<p>)... OK
Element 289/1259 (<p>)... OK
Element 290/1259 (<p>)... OK
Element 291/1259 (<p>)... OK
Element 292/1259 (<p>)... OK
Element 293/1259 (<p>)... OK
Element 294/1259 (<p>)... OK
Element 295/1259 (<p>)... OK
Element 296/1259 (<p>)... OK
Element 297/1259 (<p>)... OK
Element 298/1259 (<p>)... OK
Element 299/1259 (<p>)... OK
Element 300/1259 (<p>)... OK
Element 301/1259 (<p>)... OK
Element 302/1259 (<p>)... OK
Element 303/1259 (<p>)... OK
Element 304/1259 (<p>)... OK
Element 305/1259 (<p>)... OK
Element 306/1259 (<p>)... OK
Element 307/1259 (<p>)... OK
Element 308/1259 (<p>)... OK
Element 309/1259 (<p>)... OK
Element 310/1259 (<p>)... OK
Element 311/1259 (<p>)... OK
Element 312/1259 (<p>)... OK
Element 313/1259 (<p>)... OK
Element 314/1259 (<p>)... OK
Element 315/1259 (<p>)...  (erreur tentative 1/3: API error occurred: Status 429
{"object":"error","message":"Rate limit exceeded","type":"rate_limited","param":null,"code":"1300","raw_status_code":429}) (erreur tentative 2/3: API error occurred: Status 429
{"object":"error","message":"Rate limit exceeded","type":"rate_limited","param":null,"code":"1300","raw_status_code":429}) (erreur tentative 3/3: API error occurred: Status 429
{"object":"error","message":"Rate limit exceeded","type":"rate_limited","param":null,"code":"1300","raw_status_code":429})[ECHEC apres 3 tentatives, element laisse tel quel]
Element 316/1259 (<p>)...  (erreur tentative 1/3: API error occurred: Status 429
{"object":"error","message":"Rate limit exceeded","type":"rate_limited","param":null,"code":"1300","raw_status_code":429}) (erreur tentative 2/3: API error occurred: Status 429
{"object":"error","message":"Rate limit exceeded","type":"rate_limited","param":null,"code":"1300","raw_status_code":429}) (erreur tentative 3/3: API error occurred: Status 429
{"object":"error","message":"Rate limit exceeded","type":"rate_limited","param":null,"code":"1300","raw_status_code":429})[ECHEC apres 3 tentatives, element laisse tel quel]
Element 317/1259 (<p>)...  (erreur tentative 1/3: API error occurred: Status 429
{"object":"error","message":"Rate limit exceeded","type":"rate_limited","param":null,"code":"1300","raw_status_code":429}) (erreur tentative 2/3: API error occurred: Status 429
{"object":"error","message":"Rate limit exceeded","type":"rate_limited","param":null,"code":"1300","raw_status_code":429}) (erreur tentative 3/3: API error occurred: Status 429
{"object":"error","message":"Rate limit exceeded","type":"rate_limited","param":null,"code":"1300","raw_status_code":429})[ECHEC apres 3 tentatives, element laisse tel quel]
Element 318/1259 (<p>)...  (erreur tentative 1/3: API error occurred: Status 429
{"object":"error","message":"Rate limit exceeded","type":"rate_limited","param":null,"code":"1300","raw_status_code":429}) (erreur tentative 2/3: API error occurred: Status 429
{"object":"error","message":"Rate limit exceeded","type":"rate_limited","param":null,"code":"1300","raw_status_code":429})OK
Element 319/1259 (<p>)... OK
Element 320/1259 (<p>)... OK
Element 321/1259 (<p>)... OK
Element 322/1259 (<p>)... OK
Element 323/1259 (<p>)... OK
Element 324/1259 (<p>)... OK
Element 325/1259 (<p>)... OK
Element 326/1259 (<p>)... OK
Element 327/1259 (<p>)... OK
Element 328/1259 (<p>)... OK
Element 329/1259 (<p>)... OK
Element 330/1259 (<p>)... OK
Element 331/1259 (<p>)... OK
Element 332/1259 (<p>)... OK
Element 333/1259 (<p>)... OK
Element 334/1259 (<p>)... OK
Element 335/1259 (<p>)... OK
Element 336/1259 (<p>)... OK
Element 337/1259 (<p>)... OK
Element 338/1259 (<p>)... OK
Element 339/1259 (<p>)... OK
Element 340/1259 (<p>)... OK
Element 341/1259 (<p>)... OK
Element 342/1259 (<p>)... OK
Element 343/1259 (<p>)... OK
Element 344/1259 (<p>)... OK
Element 345/1259 (<p>)... OK
Element 346/1259 (<p>)... OK
Element 347/1259 (<p>)... OK
Element 348/1259 (<p>)... OK
Element 349/1259 (<p>)... OK
Element 350/1259 (<p>)... OK
Element 351/1259 (<p>)... OK
Element 352/1259 (<p>)... OK
Element 353/1259 (<p>)... OK
Element 354/1259 (<p>)... OK
Element 355/1259 (<p>)... OK
Element 356/1259 (<p>)... OK
Element 357/1259 (<p>)... OK
Element 358/1259 (<p>)... OK
Element 359/1259 (<p>)... OK
Element 360/1259 (<p>)... OK
Element 361/1259 (<p>)... OK
Element 362/1259 (<p>)... OK
Element 363/1259 (<p>)... OK
Element 364/1259 (<p>)... OK
Element 365/1259 (<p>)... OK
Element 366/1259 (<p>)... OK
Element 367/1259 (<p>)... OK
Element 368/1259 (<p>)... OK
Element 369/1259 (<p>)... OK
Element 370/1259 (<p>)... OK
Element 371/1259 (<p>)... OK
Element 372/1259 (<p>)... OK
Element 373/1259 (<p>)... OK
Element 374/1259 (<p>)... OK
Element 375/1259 (<p>)... OK
Element 376/1259 (<p>)... OK
Element 377/1259 (<p>)... OK
Element 378/1259 (<p>)... OK
Element 379/1259 (<p>)... OK
Element 380/1259 (<p>)... OK
Element 381/1259 (<p>)... OK
Element 382/1259 (<p>)... OK
Element 383/1259 (<p>)... OK
Element 384/1259 (<p>)... OK
Element 385/1259 (<p>)... OK
Element 386/1259 (<p>)... OK
Element 387/1259 (<p>)... OK
Element 388/1259 (<p>)... OK
Element 389/1259 (<p>)... OK
Element 390/1259 (<p>)... OK
Element 391/1259 (<p>)... OK
Element 392/1259 (<p>)... OK
Element 393/1259 (<p>)... OK
Element 394/1259 (<p>)... OK
Element 395/1259 (<p>)... OK
Element 396/1259 (<p>)... OK
Element 397/1259 (<p>)... OK
Element 398/1259 (<p>)... OK
Element 399/1259 (<p>)... OK
Element 400/1259 (<p>)... OK
Element 401/1259 (<p>)... OK
Element 402/1259 (<p>)... OK
Element 403/1259 (<p>)... OK
Element 404/1259 (<p>)... OK
Element 405/1259 (<p>)... OK
Element 406/1259 (<p>)... OK
Element 407/1259 (<p>)... OK
Element 408/1259 (<p>)... OK
Element 409/1259 (<p>)... OK
Element 410/1259 (<p>)... OK
Element 411/1259 (<p>)... OK
Element 412/1259 (<p>)... OK
Element 413/1259 (<p>)... OK
Element 414/1259 (<p>)... OK
Element 415/1259 (<p>)... OK
Element 416/1259 (<p>)... OK
Element 417/1259 (<p>)... OK
Element 418/1259 (<p>)...  (erreur tentative 1/3: API error occurred: Status 429
{"object":"error","message":"Rate limit exceeded","type":"rate_limited","param":null,"code":"1300","raw_status_code":429}) (erreur tentative 2/3: API error occurred: Status 429
{"object":"error","message":"Rate limit exceeded","type":"rate_limited","param":null,"code":"1300","raw_status_code":429}) (erreur tentative 3/3: API error occurred: Status 429
{"object":"error","message":"Rate limit exceeded","type":"rate_limited","param":null,"code":"1300","raw_status_code":429})[ECHEC apres 3 tentatives, element laisse tel quel]
Element 419/1259 (<p>)...  (erreur tentative 1/3: API error occurred: Status 429
{"object":"error","message":"Rate limit exceeded","type":"rate_limited","param":null,"code":"1300","raw_status_code":429}) (erreur tentative 2/3: API error occurred: Status 429
{"object":"error","message":"Rate limit exceeded","type":"rate_limited","param":null,"code":"1300","raw_status_code":429}) (erreur tentative 3/3: API error occurred: Status 429
{"object":"error","message":"Rate limit exceeded","type":"rate_limited","param":null,"code":"1300","raw_status_code":429})[ECHEC apres 3 tentatives, element laisse tel quel]
Element 420/1259 (<p>)... OK
Element 421/1259 (<p>)... OK
Element 422/1259 (<p>)... OK
Element 423/1259 (<p>)... OK
Element 424/1259 (<p>)... OK
Element 425/1259 (<p>)... OK
Element 426/1259 (<p>)... OK
Element 427/1259 (<p>)... OK
Element 428/1259 (<p>)... OK
Element 429/1259 (<p>)... OK
Element 430/1259 (<p>)... OK
Element 431/1259 (<p>)... OK
Element 432/1259 (<p>)... OK
Element 433/1259 (<p>)... OK
Element 434/1259 (<p>)... OK
Element 435/1259 (<p>)... OK
Element 436/1259 (<p>)... OK
Element 437/1259 (<p>)... OK
Element 438/1259 (<p>)... OK
Element 439/1259 (<p>)... OK
Element 440/1259 (<p>)... OK
Element 441/1259 (<p>)... OK
Element 442/1259 (<p>)... OK
Element 443/1259 (<p>)... OK
Element 444/1259 (<p>)... OK
Element 445/1259 (<p>)... OK
Element 446/1259 (<p>)... OK
Element 447/1259 (<p>)... OK
Element 448/1259 (<p>)... OK
Element 449/1259 (<p>)... OK
Element 450/1259 (<p>)... OK
Element 451/1259 (<p>)... OK
Element 452/1259 (<p>)... OK
Element 453/1259 (<p>)... OK
Element 454/1259 (<p>)... OK
Element 455/1259 (<p>)... OK
Element 456/1259 (<p>)... OK
Element 457/1259 (<p>)... OK
Element 458/1259 (<p>)... OK
Element 459/1259 (<p>)... OK
Element 460/1259 (<p>)... OK
Element 461/1259 (<p>)... OK
Element 462/1259 (<p>)... OK
Element 463/1259 (<p>)... OK
Element 464/1259 (<p>)... OK
Element 465/1259 (<p>)... OK
Element 466/1259 (<p>)... OK
Element 467/1259 (<p>)... OK
Element 468/1259 (<p>)... OK
Element 469/1259 (<p>)... OK
Element 470/1259 (<p>)...  (erreur tentative 1/3: API error occurred: Status 429
{"object":"error","message":"Rate limit exceeded","type":"rate_limited","param":null,"code":"1300","raw_status_code":429}) (erreur tentative 2/3: API error occurred: Status 429
{"object":"error","message":"Rate limit exceeded","type":"rate_limited","param":null,"code":"1300","raw_status_code":429}) (erreur tentative 3/3: API error occurred: Status 429
{"object":"error","message":"Rate limit exceeded","type":"rate_limited","param":null,"code":"1300","raw_status_code":429})[ECHEC apres 3 tentatives, element laisse tel quel]
Element 471/1259 (<p>)...  (erreur tentative 1/3: API error occurred: Status 429
{"object":"error","message":"Rate limit exceeded","type":"rate_limited","param":null,"code":"1300","raw_status_code":429}) (erreur tentative 2/3: API error occurred: Status 429
{"object":"error","message":"Rate limit exceeded","type":"rate_limited","param":null,"code":"1300","raw_status_code":429}) (erreur tentative 3/3: API error occurred: Status 429
{"object":"error","message":"Rate limit exceeded","type":"rate_limited","param":null,"code":"1300","raw_status_code":429})[ECHEC apres 3 tentatives, element laisse tel quel]
Element 472/1259 (<p>)...  (erreur tentative 1/3: API error occurred: Status 429
{"object":"error","message":"Rate limit exceeded","type":"rate_limited","param":null,"code":"1300","raw_status_code":429}) (erreur tentative 2/3: API error occurred: Status 429
{"object":"error","message":"Rate limit exceeded","type":"rate_limited","param":null,"code":"1300","raw_status_code":429}) (erreur tentative 3/3: API error occurred: Status 429
{"object":"error","message":"Rate limit exceeded","type":"rate_limited","param":null,"code":"1300","raw_status_code":429})[ECHEC apres 3 tentatives, element laisse tel quel]
Element 473/1259 (<p>)...  (erreur tentative 1/3: API error occurred: Status 429
{"object":"error","message":"Rate limit exceeded","type":"rate_limited","param":null,"code":"1300","raw_status_code":429}) (erreur tentative 2/3: API error occurred: Status 429
{"object":"error","message":"Rate limit exceeded","type":"rate_limited","param":null,"code":"1300","raw_status_code":429})OK
Element 474/1259 (<p>)... OK
Element 475/1259 (<p>)... OK
Element 476/1259 (<p>)... OK
Element 477/1259 (<p>)... OK
Element 478/1259 (<p>)... OK
Element 479/1259 (<p>)... OK
Element 480/1259 (<p>)... OK
Element 481/1259 (<p>)... OK
Element 482/1259 (<p>)... OK
Element 483/1259 (<p>)... OK
Element 484/1259 (<p>)... OK
Element 485/1259 (<p>)... OK
Element 486/1259 (<p>)... OK
Element 487/1259 (<p>)... OK
Element 488/1259 (<p>)... OK
Element 489/1259 (<p>)... OK
Element 490/1259 (<p>)... OK
Element 491/1259 (<p>)... OK
Element 492/1259 (<p>)... OK
Element 493/1259 (<p>)... OK
Element 494/1259 (<p>)... OK
Element 495/1259 (<p>)... OK
Element 496/1259 (<p>)... OK
Element 497/1259 (<p>)... OK
Element 498/1259 (<p>)... OK
Element 499/1259 (<p>)... OK
Element 500/1259 (<p>)... OK
Element 501/1259 (<p>)... OK
Element 502/1259 (<p>)... OK
Element 503/1259 (<p>)... OK
Element 504/1259 (<p>)... OK
Element 505/1259 (<p>)... OK
Element 506/1259 (<p>)... OK
Element 507/1259 (<p>)... OK
Element 508/1259 (<p>)... OK
Element 509/1259 (<p>)... OK
Element 510/1259 (<p>)... OK
Element 511/1259 (<p>)... OK
Element 512/1259 (<p>)... OK
Element 513/1259 (<p>)... OK
Element 514/1259 (<p>)... OK
Element 515/1259 (<p>)... OK
Element 516/1259 (<p>)... OK
Element 517/1259 (<p>)... OK
Element 518/1259 (<p>)... OK
Element 519/1259 (<p>)... OK
Element 520/1259 (<p>)... OK
Element 521/1259 (<p>)... OK
Element 522/1259 (<p>)... OK
Element 523/1259 (<p>)...  (erreur tentative 1/3: API error occurred: Status 429
{"object":"error","message":"Rate limit exceeded","type":"rate_limited","param":null,"code":"1300","raw_status_code":429}) (erreur tentative 2/3: API error occurred: Status 429
{"object":"error","message":"Rate limit exceeded","type":"rate_limited","param":null,"code":"1300","raw_status_code":429}) (erreur tentative 3/3: API error occurred: Status 429
{"object":"error","message":"Rate limit exceeded","type":"rate_limited","param":null,"code":"1300","raw_status_code":429})[ECHEC apres 3 tentatives, element laisse tel quel]
Element 524/1259 (<p>)...  (erreur tentative 1/3: API error occurred: Status 429
{"object":"error","message":"Rate limit exceeded","type":"rate_limited","param":null,"code":"1300","raw_status_code":429}) (erreur tentative 2/3: API error occurred: Status 429
{"object":"error","message":"Rate limit exceeded","type":"rate_limited","param":null,"code":"1300","raw_status_code":429}) (erreur tentative 3/3: API error occurred: Status 429
{"object":"error","message":"Rate limit exceeded","type":"rate_limited","param":null,"code":"1300","raw_status_code":429})[ECHEC apres 3 tentatives, element laisse tel quel]
Element 525/1259 (<p>)...  (erreur tentative 1/3: API error occurred: Status 429
{"object":"error","message":"Rate limit exceeded","type":"rate_limited","param":null,"code":"1300","raw_status_code":429}) (erreur tentative 2/3: API error occurred: Status 429
{"object":"error","message":"Rate limit exceeded","type":"rate_limited","param":null,"code":"1300","raw_status_code":429}) (erreur tentative 3/3: API error occurred: Status 429
{"object":"error","message":"Rate limit exceeded","type":"rate_limited","param":null,"code":"1300","raw_status_code":429})[ECHEC apres 3 tentatives, element laisse tel quel]
Element 526/1259 (<p>)...  (erreur tentative 1/3: API error occurred: Status 429
{"object":"error","message":"Rate limit exceeded","type":"rate_limited","param":null,"code":"1300","raw_status_code":429})OK
Element 527/1259 (<p>)... OK
Element 528/1259 (<p>)... OK
Element 529/1259 (<p>)... OK
Element 530/1259 (<p>)... OK
Element 531/1259 (<p>)... OK
Element 532/1259 (<p>)... OK
Element 533/1259 (<p>)... OK
Element 534/1259 (<p>)... OK
Element 535/1259 (<p>)... OK
Element 536/1259 (<p>)... OK
Element 537/1259 (<p>)... OK
Element 538/1259 (<p>)... OK
Element 539/1259 (<p>)... OK
Element 540/1259 (<p>)... OK
Element 541/1259 (<p>)... OK
Element 542/1259 (<p>)... OK
Element 543/1259 (<p>)... OK
Element 544/1259 (<p>)... OK
Element 545/1259 (<p>)... OK
Element 546/1259 (<p>)... OK
Element 547/1259 (<p>)... OK
Element 548/1259 (<p>)... OK
Element 549/1259 (<p>)... OK
Element 550/1259 (<p>)... OK
Element 551/1259 (<p>)... OK
Element 552/1259 (<p>)... OK
Element 553/1259 (<p>)... OK
Element 554/1259 (<p>)... OK
Element 555/1259 (<p>)... OK
Element 556/1259 (<p>)... OK
Element 557/1259 (<p>)... OK
Element 558/1259 (<p>)... OK
Element 559/1259 (<p>)... OK
Element 560/1259 (<p>)... OK
Element 561/1259 (<p>)... OK
Element 562/1259 (<p>)... OK
Element 563/1259 (<p>)... OK
Element 564/1259 (<p>)... OK
Element 565/1259 (<p>)... OK
Element 566/1259 (<p>)... OK
Element 567/1259 (<p>)... OK
Element 568/1259 (<p>)... OK
Element 569/1259 (<p>)... OK
Element 570/1259 (<p>)... OK
Element 571/1259 (<p>)... OK
Element 572/1259 (<p>)... OK
Element 573/1259 (<p>)... OK
Element 574/1259 (<p>)... OK
Element 575/1259 (<p>)... OK
Element 576/1259 (<p>)...  (erreur tentative 1/3: API error occurred: Status 429
{"object":"error","message":"Rate limit exceeded","type":"rate_limited","param":null,"code":"1300","raw_status_code":429}) (erreur tentative 2/3: API error occurred: Status 429
{"object":"error","message":"Rate limit exceeded","type":"rate_limited","param":null,"code":"1300","raw_status_code":429}) (erreur tentative 3/3: API error occurred: Status 429
{"object":"error","message":"Rate limit exceeded","type":"rate_limited","param":null,"code":"1300","raw_status_code":429})[ECHEC apres 3 tentatives, element laisse tel quel]
Element 577/1259 (<p>)...  (erreur tentative 1/3: API error occurred: Status 429
{"object":"error","message":"Rate limit exceeded","type":"rate_limited","param":null,"code":"1300","raw_status_code":429}) (erreur tentative 2/3: API error occurred: Status 429
{"object":"error","message":"Rate limit exceeded","type":"rate_limited","param":null,"code":"1300","raw_status_code":429}) (erreur tentative 3/3: API error occurred: Status 429
{"object":"error","message":"Rate limit exceeded","type":"rate_limited","param":null,"code":"1300","raw_status_code":429})[ECHEC apres 3 tentatives, element laisse tel quel]
Element 578/1259 (<p>)...  (erreur tentative 1/3: API error occurred: Status 429
{"object":"error","message":"Rate limit exceeded","type":"rate_limited","param":null,"code":"1300","raw_status_code":429}) (erreur tentative 2/3: API error occurred: Status 429
{"object":"error","message":"Rate limit exceeded","type":"rate_limited","param":null,"code":"1300","raw_status_code":429}) (erreur tentative 3/3: API error occurred: Status 429
{"object":"error","message":"Rate limit exceeded","type":"rate_limited","param":null,"code":"1300","raw_status_code":429})[ECHEC apres 3 tentatives, element laisse tel quel]
Element 579/1259 (<p>)...  (erreur tentative 1/3: API error occurred: Status 429
{"object":"error","message":"Rate limit exceeded","type":"rate_limited","param":null,"code":"1300","raw_status_code":429})OK
Element 580/1259 (<p>)... OK
Element 581/1259 (<p>)... OK
Element 582/1259 (<p>)... OK
Element 583/1259 (<p>)... OK
Element 584/1259 (<p>)... OK
Element 585/1259 (<p>)... OK
Element 586/1259 (<p>)... OK
Element 587/1259 (<p>)... OK
Element 588/1259 (<p>)... OK
Element 589/1259 (<p>)... OK
Element 590/1259 (<p>)... OK
Element 591/1259 (<p>)... OK
Element 592/1259 (<p>)... OK
Element 593/1259 (<p>)... OK
Element 594/1259 (<p>)... OK
Element 595/1259 (<p>)... OK
Element 596/1259 (<p>)... OK
Element 597/1259 (<p>)... OK
Element 598/1259 (<p>)... OK
Element 599/1259 (<p>)... OK
Element 600/1259 (<p>)... OK
Element 601/1259 (<p>)... OK
Element 602/1259 (<p>)... OK
Element 603/1259 (<p>)... OK
Element 604/1259 (<p>)... OK
Element 605/1259 (<p>)... OK
Element 606/1259 (<p>)... OK
Element 607/1259 (<p>)... OK
Element 608/1259 (<p>)... OK
Element 609/1259 (<p>)... OK
Element 610/1259 (<p>)... OK
Element 611/1259 (<p>)... OK
Element 612/1259 (<p>)... OK
Element 613/1259 (<p>)... OK
Element 614/1259 (<p>)... OK
Element 615/1259 (<p>)... OK
Element 616/1259 (<p>)... OK
Element 617/1259 (<p>)... OK
Element 618/1259 (<p>)... OK
Element 619/1259 (<p>)... OK
Element 620/1259 (<p>)... OK
Element 621/1259 (<p>)... OK
Element 622/1259 (<p>)... OK
Element 623/1259 (<p>)... OK
Element 624/1259 (<p>)... OK
Element 625/1259 (<p>)... OK
Element 626/1259 (<p>)... OK
Element 627/1259 (<p>)... OK
Element 628/1259 (<p>)... OK
Element 629/1259 (<p>)...  (erreur tentative 1/3: API error occurred: Status 429
{"object":"error","message":"Rate limit exceeded","type":"rate_limited","param":null,"code":"1300","raw_status_code":429}) (erreur tentative 2/3: API error occurred: Status 429
{"object":"error","message":"Rate limit exceeded","type":"rate_limited","param":null,"code":"1300","raw_status_code":429}) (erreur tentative 3/3: API error occurred: Status 429
{"object":"error","message":"Rate limit exceeded","type":"rate_limited","param":null,"code":"1300","raw_status_code":429})[ECHEC apres 3 tentatives, element laisse tel quel]
Element 630/1259 (<p>)...  (erreur tentative 1/3: API error occurred: Status 429
{"object":"error","message":"Rate limit exceeded","type":"rate_limited","param":null,"code":"1300","raw_status_code":429}) (erreur tentative 2/3: API error occurred: Status 429
{"object":"error","message":"Rate limit exceeded","type":"rate_limited","param":null,"code":"1300","raw_status_code":429}) (erreur tentative 3/3: API error occurred: Status 429
{"object":"error","message":"Rate limit exceeded","type":"rate_limited","param":null,"code":"1300","raw_status_code":429})[ECHEC apres 3 tentatives, element laisse tel quel]
Element 631/1259 (<p>)...  (erreur tentative 1/3: API error occurred: Status 429
{"object":"error","message":"Rate limit exceeded","type":"rate_limited","param":null,"code":"1300","raw_status_code":429}) (erreur tentative 2/3: API error occurred: Status 429
{"object":"error","message":"Rate limit exceeded","type":"rate_limited","param":null,"code":"1300","raw_status_code":429})OK
Element 632/1259 (<p>)... OK
Element 633/1259 (<p>)... OK
Element 634/1259 (<p>)... OK
Element 635/1259 (<p>)... OK
Element 636/1259 (<p>)... OK
Element 637/1259 (<p>)... OK
Element 638/1259 (<p>)... OK
Element 639/1259 (<p>)... OK
Element 640/1259 (<p>)... OK
Element 641/1259 (<p>)... OK
Element 642/1259 (<p>)... OK
Element 643/1259 (<p>)... OK
Element 644/1259 (<p>)... OK
Element 645/1259 (<p>)... OK
Element 646/1259 (<p>)... OK
Element 647/1259 (<p>)... OK
Element 648/1259 (<p>)... OK
Element 649/1259 (<p>)... OK
Element 650/1259 (<p>)... OK
Element 651/1259 (<p>)... OK
Element 652/1259 (<p>)... OK
Element 653/1259 (<p>)... OK
Element 654/1259 (<p>)... OK
Element 655/1259 (<p>)... OK
Element 656/1259 (<p>)... OK
Element 657/1259 (<p>)... OK
Element 658/1259 (<p>)... OK
Element 659/1259 (<p>)... OK
Element 660/1259 (<p>)... OK
Element 661/1259 (<p>)... OK
Element 662/1259 (<p>)... OK
Element 663/1259 (<p>)... OK
Element 664/1259 (<p>)... OK
Element 665/1259 (<p>)... OK
Element 666/1259 (<p>)... OK
Element 667/1259 (<p>)... OK
Element 668/1259 (<p>)... OK
Element 669/1259 (<p>)... OK
Element 670/1259 (<p>)... OK
Element 671/1259 (<p>)... OK
Element 672/1259 (<p>)... OK
Element 673/1259 (<p>)... OK
Element 674/1259 (<p>)... OK
Element 675/1259 (<p>)... OK
Element 676/1259 (<p>)... OK
Element 677/1259 (<p>)... OK
Element 678/1259 (<p>)... OK
Element 679/1259 (<p>)... OK
Element 680/1259 (<p>)... OK
Element 681/1259 (<p>)...  (erreur tentative 1/3: API error occurred: Status 429
{"object":"error","message":"Rate limit exceeded","type":"rate_limited","param":null,"code":"1300","raw_status_code":429}) (erreur tentative 2/3: API error occurred: Status 429
{"object":"error","message":"Rate limit exceeded","type":"rate_limited","param":null,"code":"1300","raw_status_code":429}) (erreur tentative 3/3: API error occurred: Status 429
{"object":"error","message":"Rate limit exceeded","type":"rate_limited","param":null,"code":"1300","raw_status_code":429})[ECHEC apres 3 tentatives, element laisse tel quel]
Element 682/1259 (<p>)...  (erreur tentative 1/3: API error occurred: Status 429
{"object":"error","message":"Rate limit exceeded","type":"rate_limited","param":null,"code":"1300","raw_status_code":429}) (erreur tentative 2/3: API error occurred: Status 429
{"object":"error","message":"Rate limit exceeded","type":"rate_limited","param":null,"code":"1300","raw_status_code":429}) (erreur tentative 3/3: API error occurred: Status 429
{"object":"error","message":"Rate limit exceeded","type":"rate_limited","param":null,"code":"1300","raw_status_code":429})[ECHEC apres 3 tentatives, element laisse tel quel]
Element 683/1259 (<p>)...  (erreur tentative 1/3: API error occurred: Status 429
{"object":"error","message":"Rate limit exceeded","type":"rate_limited","param":null,"code":"1300","raw_status_code":429}) (erreur tentative 2/3: API error occurred: Status 429
{"object":"error","message":"Rate limit exceeded","type":"rate_limited","param":null,"code":"1300","raw_status_code":429}) (erreur tentative 3/3: API error occurred: Status 429
{"object":"error","message":"Rate limit exceeded","type":"rate_limited","param":null,"code":"1300","raw_status_code":429})[ECHEC apres 3 tentatives, element laisse tel quel]
Element 684/1259 (<p>)... OK
Element 685/1259 (<p>)... OK
Element 686/1259 (<p>)... OK
Element 687/1259 (<p>)... OK
Element 688/1259 (<p>)... OK
Element 689/1259 (<p>)... OK
Element 690/1259 (<p>)... OK
Element 691/1259 (<p>)... OK
Element 692/1259 (<p>)... OK
Element 693/1259 (<p>)... OK
Element 694/1259 (<p>)... OK
Element 695/1259 (<p>)... OK
Element 696/1259 (<p>)... OK
Element 697/1259 (<p>)... OK
Element 698/1259 (<p>)... OK
Element 699/1259 (<p>)... OK
Element 700/1259 (<p>)... OK
Element 701/1259 (<p>)... OK
Element 702/1259 (<p>)... OK
Element 703/1259 (<p>)... OK
Element 704/1259 (<p>)... OK
Element 705/1259 (<p>)... OK
Element 706/1259 (<p>)... OK
Element 707/1259 (<p>)... OK
Element 708/1259 (<p>)... OK
Element 709/1259 (<p>)... OK
Element 710/1259 (<p>)... OK
Element 711/1259 (<p>)... OK
Element 712/1259 (<p>)... OK
Element 713/1259 (<p>)... OK
Element 714/1259 (<p>)... OK
Element 715/1259 (<p>)... OK
Element 716/1259 (<p>)... OK
Element 717/1259 (<p>)... OK
Element 718/1259 (<p>)... OK
Element 719/1259 (<p>)... OK
Element 720/1259 (<p>)... OK
Element 721/1259 (<p>)... OK
Element 722/1259 (<p>)... OK
Element 723/1259 (<p>)... OK
Element 724/1259 (<p>)... OK
Element 725/1259 (<p>)... OK
Element 726/1259 (<quote>)... OK
Element 727/1259 (<quote>)... OK
Element 728/1259 (<quote>)... OK
Element 729/1259 (<quote>)... OK
Element 730/1259 (<quote>)... OK
Element 731/1259 (<quote>)... OK
Element 732/1259 (<quote>)... OK
Element 733/1259 (<quote>)... OK
Element 734/1259 (<quote>)...  (erreur tentative 1/3: API error occurred: Status 429
{"object":"error","message":"Rate limit exceeded","type":"rate_limited","param":null,"code":"1300","raw_status_code":429}) (erreur tentative 2/3: API error occurred: Status 429
{"object":"error","message":"Rate limit exceeded","type":"rate_limited","param":null,"code":"1300","raw_status_code":429}) (erreur tentative 3/3: API error occurred: Status 429
{"object":"error","message":"Rate limit exceeded","type":"rate_limited","param":null,"code":"1300","raw_status_code":429})[ECHEC apres 3 tentatives, element laisse tel quel]
Element 735/1259 (<quote>)...  (erreur tentative 1/3: API error occurred: Status 429
{"object":"error","message":"Rate limit exceeded","type":"rate_limited","param":null,"code":"1300","raw_status_code":429}) (erreur tentative 2/3: API error occurred: Status 429
{"object":"error","message":"Rate limit exceeded","type":"rate_limited","param":null,"code":"1300","raw_status_code":429}) (erreur tentative 3/3: API error occurred: Status 429
{"object":"error","message":"Rate limit exceeded","type":"rate_limited","param":null,"code":"1300","raw_status_code":429})[ECHEC apres 3 tentatives, element laisse tel quel]
Element 736/1259 (<quote>)...  (erreur tentative 1/3: API error occurred: Status 429
{"object":"error","message":"Rate limit exceeded","type":"rate_limited","param":null,"code":"1300","raw_status_code":429}) (erreur tentative 2/3: API error occurred: Status 429
{"object":"error","message":"Rate limit exceeded","type":"rate_limited","param":null,"code":"1300","raw_status_code":429}) (erreur tentative 3/3: API error occurred: Status 429
{"object":"error","message":"Rate limit exceeded","type":"rate_limited","param":null,"code":"1300","raw_status_code":429})[ECHEC apres 3 tentatives, element laisse tel quel]
Element 737/1259 (<quote>)... OK
Element 738/1259 (<quote>)... OK
Element 739/1259 (<quote>)... OK
Element 740/1259 (<quote>)... OK
Element 741/1259 (<quote>)... OK
Element 742/1259 (<quote>)... OK
Element 743/1259 (<quote>)... OK
Element 744/1259 (<quote>)... OK
Element 745/1259 (<quote>)... OK
Element 746/1259 (<quote>)... OK
Element 747/1259 (<quote>)... OK
Element 748/1259 (<quote>)... OK
Element 749/1259 (<quote>)... OK
Element 750/1259 (<quote>)... OK
Element 751/1259 (<quote>)... OK
Element 752/1259 (<quote>)... OK
Element 753/1259 (<quote>)... OK
Element 754/1259 (<quote>)... OK
Element 755/1259 (<quote>)... OK
Element 756/1259 (<quote>)... OK
Element 757/1259 (<quote>)... OK
Element 758/1259 (<quote>)... OK
Element 759/1259 (<quote>)... OK
Element 760/1259 (<quote>)... OK
Element 761/1259 (<quote>)... OK
Element 762/1259 (<quote>)... OK
Element 763/1259 (<quote>)... OK
Element 764/1259 (<quote>)... OK
Element 765/1259 (<quote>)... OK
Element 766/1259 (<quote>)... OK
Element 767/1259 (<quote>)... OK
Element 768/1259 (<quote>)... OK
Element 769/1259 (<quote>)... OK
Element 770/1259 (<quote>)... OK
Element 771/1259 (<quote>)... OK
Element 772/1259 (<quote>)... OK
Element 773/1259 (<quote>)... OK
Element 774/1259 (<quote>)... OK
Element 775/1259 (<quote>)... OK
Element 776/1259 (<quote>)... OK
Element 777/1259 (<quote>)... OK
Element 778/1259 (<quote>)... OK
Element 779/1259 (<quote>)... OK
Element 780/1259 (<quote>)... OK
Element 781/1259 (<quote>)... OK
Element 782/1259 (<quote>)... OK
Element 783/1259 (<quote>)... OK
Element 784/1259 (<quote>)... OK
Element 785/1259 (<quote>)... OK
Element 786/1259 (<quote>)... OK
Element 787/1259 (<quote>)... OK
Element 788/1259 (<quote>)... OK
Element 789/1259 (<quote>)... OK
Element 790/1259 (<quote>)... OK
Element 791/1259 (<quote>)... OK
Element 792/1259 (<quote>)... OK
Element 793/1259 (<quote>)... OK
Element 794/1259 (<quote>)... OK
Element 795/1259 (<quote>)... OK
Element 796/1259 (<quote>)... OK
Element 797/1259 (<quote>)... OK
Element 798/1259 (<quote>)... OK
Element 799/1259 (<quote>)... OK
Element 800/1259 (<quote>)... OK
Element 801/1259 (<quote>)... OK
Element 802/1259 (<quote>)... OK
Element 803/1259 (<quote>)... OK
Element 804/1259 (<quote>)... OK
Element 805/1259 (<quote>)... OK
Element 806/1259 (<quote>)... OK
Element 807/1259 (<quote>)... OK
Element 808/1259 (<quote>)... OK
Element 809/1259 (<quote>)... OK
Element 810/1259 (<quote>)... OK
Element 811/1259 (<quote>)... OK
Element 812/1259 (<quote>)... OK
Element 813/1259 (<quote>)... OK
Element 814/1259 (<quote>)... OK
Element 815/1259 (<quote>)... OK
Element 816/1259 (<quote>)... OK
Element 817/1259 (<quote>)... OK
Element 818/1259 (<quote>)... OK
Element 819/1259 (<quote>)... OK
Element 820/1259 (<quote>)... OK
Element 821/1259 (<quote>)... OK
Element 822/1259 (<quote>)... OK
Element 823/1259 (<quote>)... OK
Element 824/1259 (<quote>)... OK
Element 825/1259 (<quote>)... OK
Element 826/1259 (<quote>)... OK
Element 827/1259 (<quote>)... OK
Element 828/1259 (<quote>)... OK
Element 829/1259 (<quote>)... OK
Element 830/1259 (<quote>)... OK
Element 831/1259 (<quote>)... OK
Element 832/1259 (<quote>)...  (erreur tentative 2/3: API error occurred: Status 429
{"object":"error","message":"Rate limit exceeded","type":"rate_limited","param":null,"code":"1300","raw_status_code":429}) (erreur tentative 3/3: API error occurred: Status 429
{"object":"error","message":"Rate limit exceeded","type":"rate_limited","param":null,"code":"1300","raw_status_code":429})[ECHEC apres 3 tentatives, element laisse tel quel]
Element 833/1259 (<quote>)...  (erreur tentative 1/3: API error occurred: Status 429
{"object":"error","message":"Rate limit exceeded","type":"rate_limited","param":null,"code":"1300","raw_status_code":429}) (erreur tentative 2/3: API error occurred: Status 429
{"object":"error","message":"Rate limit exceeded","type":"rate_limited","param":null,"code":"1300","raw_status_code":429}) (erreur tentative 3/3: API error occurred: Status 429
{"object":"error","message":"Rate limit exceeded","type":"rate_limited","param":null,"code":"1300","raw_status_code":429})[ECHEC apres 3 tentatives, element laisse tel quel]
Element 834/1259 (<quote>)... OK
Element 835/1259 (<quote>)... OK
Element 836/1259 (<quote>)... OK
Element 837/1259 (<quote>)... OK
Element 838/1259 (<quote>)... OK
Element 839/1259 (<quote>)... OK
Element 840/1259 (<quote>)... OK
Element 841/1259 (<quote>)... OK
Element 842/1259 (<quote>)... OK
Element 843/1259 (<quote>)... OK
Element 844/1259 (<quote>)... OK
Element 845/1259 (<quote>)... OK
Element 846/1259 (<quote>)... OK
Element 847/1259 (<quote>)... OK
Element 848/1259 (<quote>)... OK
Element 849/1259 (<quote>)... OK
Element 850/1259 (<quote>)... OK
Element 851/1259 (<quote>)... OK
Element 852/1259 (<quote>)... OK
Element 853/1259 (<quote>)... OK
Element 854/1259 (<quote>)... OK
Element 855/1259 (<quote>)... OK
Element 856/1259 (<quote>)... OK
Element 857/1259 (<quote>)... OK
Element 858/1259 (<quote>)... OK
Element 859/1259 (<quote>)... OK
Element 860/1259 (<quote>)... OK
Element 861/1259 (<quote>)... OK
Element 862/1259 (<quote>)... OK
Element 863/1259 (<quote>)... OK
Element 864/1259 (<quote>)... OK
Element 865/1259 (<quote>)... OK
Element 866/1259 (<quote>)... OK
Element 867/1259 (<quote>)... OK
Element 868/1259 (<quote>)... OK
Element 869/1259 (<quote>)... OK
Element 870/1259 (<quote>)... OK
Element 871/1259 (<quote>)... OK
Element 872/1259 (<quote>)... OK
Element 873/1259 (<quote>)... OK
Element 874/1259 (<quote>)... OK
Element 875/1259 (<quote>)... OK
Element 876/1259 (<quote>)... OK
Element 877/1259 (<quote>)... OK
Element 878/1259 (<quote>)... OK
Element 879/1259 (<quote>)... OK
Element 880/1259 (<quote>)... OK
Element 881/1259 (<quote>)... OK
Element 882/1259 (<quote>)... OK
Element 883/1259 (<quote>)... OK
Element 884/1259 (<quote>)...  (erreur tentative 1/3: API error occurred: Status 429
{"object":"error","message":"Rate limit exceeded","type":"rate_limited","param":null,"code":"1300","raw_status_code":429}) (erreur tentative 2/3: API error occurred: Status 429
{"object":"error","message":"Rate limit exceeded","type":"rate_limited","param":null,"code":"1300","raw_status_code":429}) (erreur tentative 3/3: API error occurred: Status 429
{"object":"error","message":"Rate limit exceeded","type":"rate_limited","param":null,"code":"1300","raw_status_code":429})[ECHEC apres 3 tentatives, element laisse tel quel]
Element 885/1259 (<quote>)...  (erreur tentative 1/3: API error occurred: Status 429
{"object":"error","message":"Rate limit exceeded","type":"rate_limited","param":null,"code":"1300","raw_status_code":429}) (erreur tentative 2/3: API error occurred: Status 429
{"object":"error","message":"Rate limit exceeded","type":"rate_limited","param":null,"code":"1300","raw_status_code":429})OK
Element 886/1259 (<quote>)... OK
Element 887/1259 (<quote>)... OK
Element 888/1259 (<quote>)... OK
Element 889/1259 (<quote>)... OK
Element 890/1259 (<quote>)... OK
Element 891/1259 (<quote>)... OK
Element 892/1259 (<quote>)... OK
Element 893/1259 (<quote>)... OK
Element 894/1259 (<quote>)... OK
Element 895/1259 (<quote>)... OK
Element 896/1259 (<quote>)... OK
Element 897/1259 (<quote>)... OK
Element 898/1259 (<quote>)... OK
Element 899/1259 (<quote>)... OK
Element 900/1259 (<quote>)... OK
Element 901/1259 (<quote>)... OK
Element 902/1259 (<quote>)... OK
Element 903/1259 (<quote>)... OK
Element 904/1259 (<quote>)... OK
Element 905/1259 (<quote>)... OK
Element 906/1259 (<quote>)... OK
Element 907/1259 (<quote>)... OK
Element 908/1259 (<quote>)... OK
Element 909/1259 (<quote>)... OK
Element 910/1259 (<quote>)... OK
Element 911/1259 (<quote>)... OK
Element 912/1259 (<quote>)... OK
Element 913/1259 (<quote>)... OK
Element 914/1259 (<quote>)... OK
Element 915/1259 (<quote>)... OK
Element 916/1259 (<quote>)... OK
Element 917/1259 (<quote>)... OK
Element 918/1259 (<quote>)... OK
Element 919/1259 (<quote>)... OK
Element 920/1259 (<quote>)... OK
Element 921/1259 (<quote>)... OK
Element 922/1259 (<quote>)... OK
Element 923/1259 (<quote>)... OK
Element 924/1259 (<quote>)... OK
Element 925/1259 (<quote>)... OK
Element 926/1259 (<quote>)... OK
Element 927/1259 (<quote>)... OK
Element 928/1259 (<quote>)... OK
Element 929/1259 (<quote>)... OK
Element 930/1259 (<quote>)... OK
Element 931/1259 (<quote>)... OK
Element 932/1259 (<quote>)... OK
Element 933/1259 (<quote>)... OK
Element 934/1259 (<quote>)... OK
Element 935/1259 (<quote>)...  (erreur tentative 1/3: API error occurred: Status 429
{"object":"error","message":"Rate limit exceeded","type":"rate_limited","param":null,"code":"1300","raw_status_code":429}) (erreur tentative 2/3: API error occurred: Status 429
{"object":"error","message":"Rate limit exceeded","type":"rate_limited","param":null,"code":"1300","raw_status_code":429}) (erreur tentative 3/3: API error occurred: Status 429
{"object":"error","message":"Rate limit exceeded","type":"rate_limited","param":null,"code":"1300","raw_status_code":429})[ECHEC apres 3 tentatives, element laisse tel quel]
Element 936/1259 (<quote>)...  (erreur tentative 1/3: API error occurred: Status 429
{"object":"error","message":"Rate limit exceeded","type":"rate_limited","param":null,"code":"1300","raw_status_code":429})OK
Element 937/1259 (<quote>)... OK
Element 938/1259 (<quote>)... OK
Element 939/1259 (<quote>)... OK
Element 940/1259 (<quote>)... OK
Element 941/1259 (<quote>)... OK
Element 942/1259 (<quote>)... OK
Element 943/1259 (<quote>)... OK
Element 944/1259 (<quote>)... OK
Element 945/1259 (<quote>)... OK
Element 946/1259 (<quote>)... OK
Element 947/1259 (<quote>)... OK
Element 948/1259 (<quote>)... OK
Element 949/1259 (<quote>)... OK
Element 950/1259 (<quote>)... OK
Element 951/1259 (<quote>)... OK
Element 952/1259 (<quote>)... OK
Element 953/1259 (<quote>)... OK
Element 954/1259 (<quote>)... OK
Element 955/1259 (<quote>)... OK
Element 956/1259 (<quote>)... OK
Element 957/1259 (<quote>)... OK
Element 958/1259 (<quote>)... OK
Element 959/1259 (<quote>)... OK
Element 960/1259 (<quote>)... OK
Element 961/1259 (<quote>)... OK
Element 962/1259 (<quote>)... OK
Element 963/1259 (<quote>)... OK
Element 964/1259 (<quote>)... OK
Element 965/1259 (<quote>)... OK
Element 966/1259 (<quote>)... OK
Element 967/1259 (<quote>)... OK
Element 968/1259 (<quote>)... OK
Element 969/1259 (<quote>)... OK
Element 970/1259 (<quote>)... OK
Element 971/1259 (<quote>)... OK
Element 972/1259 (<quote>)... OK
Element 973/1259 (<quote>)... OK
Element 974/1259 (<quote>)... OK
Element 975/1259 (<quote>)... OK
Element 976/1259 (<quote>)... OK
Element 977/1259 (<quote>)... OK
Element 978/1259 (<quote>)... OK
Element 979/1259 (<quote>)... OK
Element 980/1259 (<quote>)... OK
Element 981/1259 (<quote>)... OK
Element 982/1259 (<quote>)... OK
Element 983/1259 (<quote>)... OK
Element 984/1259 (<quote>)... OK
Element 985/1259 (<quote>)... OK
Element 986/1259 (<quote>)...  (erreur tentative 1/3: API error occurred: Status 429
{"object":"error","message":"Rate limit exceeded","type":"rate_limited","param":null,"code":"1300","raw_status_code":429}) (erreur tentative 2/3: API error occurred: Status 429
{"object":"error","message":"Rate limit exceeded","type":"rate_limited","param":null,"code":"1300","raw_status_code":429}) (erreur tentative 3/3: API error occurred: Status 429
{"object":"error","message":"Rate limit exceeded","type":"rate_limited","param":null,"code":"1300","raw_status_code":429})[ECHEC apres 3 tentatives, element laisse tel quel]
Element 987/1259 (<quote>)...  (erreur tentative 1/3: API error occurred: Status 429
{"object":"error","message":"Rate limit exceeded","type":"rate_limited","param":null,"code":"1300","raw_status_code":429}) (erreur tentative 2/3: API error occurred: Status 429
{"object":"error","message":"Rate limit exceeded","type":"rate_limited","param":null,"code":"1300","raw_status_code":429}) (erreur tentative 3/3: API error occurred: Status 429
{"object":"error","message":"Rate limit exceeded","type":"rate_limited","param":null,"code":"1300","raw_status_code":429})[ECHEC apres 3 tentatives, element laisse tel quel]
Element 988/1259 (<quote>)...  (erreur tentative 1/3: API error occurred: Status 429
{"object":"error","message":"Rate limit exceeded","type":"rate_limited","param":null,"code":"1300","raw_status_code":429})OK
Element 989/1259 (<quote>)... OK
Element 990/1259 (<quote>)... OK
Element 991/1259 (<quote>)... OK
Element 992/1259 (<quote>)... OK
Element 993/1259 (<quote>)... OK
Element 994/1259 (<quote>)... OK
Element 995/1259 (<quote>)... OK
Element 996/1259 (<quote>)... OK
Element 997/1259 (<quote>)... OK
Element 998/1259 (<quote>)... OK
Element 999/1259 (<quote>)... OK
Element 1000/1259 (<quote>)... OK
Element 1001/1259 (<quote>)... OK
Element 1002/1259 (<quote>)... OK
Element 1003/1259 (<quote>)... OK
Element 1004/1259 (<quote>)... OK
Element 1005/1259 (<quote>)... OK
Element 1006/1259 (<quote>)... OK
Element 1007/1259 (<quote>)... OK
Element 1008/1259 (<quote>)... OK
Element 1009/1259 (<quote>)... OK
Element 1010/1259 (<quote>)... OK
Element 1011/1259 (<quote>)... OK
Element 1012/1259 (<quote>)... OK
Element 1013/1259 (<quote>)... OK
Element 1014/1259 (<quote>)... OK
Element 1015/1259 (<quote>)... OK
Element 1016/1259 (<quote>)... OK
Element 1017/1259 (<quote>)... OK
Element 1018/1259 (<quote>)... OK
Element 1019/1259 (<quote>)... OK
Element 1020/1259 (<quote>)... OK
Element 1021/1259 (<quote>)... OK
Element 1022/1259 (<quote>)... OK
Element 1023/1259 (<quote>)... OK
Element 1024/1259 (<quote>)... OK
Element 1025/1259 (<quote>)... OK
Element 1026/1259 (<quote>)... OK
Element 1027/1259 (<quote>)... OK
Element 1028/1259 (<quote>)... OK
Element 1029/1259 (<quote>)... OK
Element 1030/1259 (<quote>)... OK
Element 1031/1259 (<quote>)... OK
Element 1032/1259 (<quote>)... OK
Element 1033/1259 (<quote>)... OK
Element 1034/1259 (<quote>)... OK
Element 1035/1259 (<quote>)... OK
Element 1036/1259 (<quote>)... OK
Element 1037/1259 (<quote>)... OK
Element 1038/1259 (<quote>)...  (erreur tentative 1/3: API error occurred: Status 429
{"object":"error","message":"Rate limit exceeded","type":"rate_limited","param":null,"code":"1300","raw_status_code":429}) (erreur tentative 2/3: API error occurred: Status 429
{"object":"error","message":"Rate limit exceeded","type":"rate_limited","param":null,"code":"1300","raw_status_code":429}) (erreur tentative 3/3: API error occurred: Status 429
{"object":"error","message":"Rate limit exceeded","type":"rate_limited","param":null,"code":"1300","raw_status_code":429})[ECHEC apres 3 tentatives, element laisse tel quel]
Element 1039/1259 (<quote>)...  (erreur tentative 1/3: API error occurred: Status 429
{"object":"error","message":"Rate limit exceeded","type":"rate_limited","param":null,"code":"1300","raw_status_code":429}) (erreur tentative 2/3: API error occurred: Status 429
{"object":"error","message":"Rate limit exceeded","type":"rate_limited","param":null,"code":"1300","raw_status_code":429}) (erreur tentative 3/3: API error occurred: Status 429
{"object":"error","message":"Rate limit exceeded","type":"rate_limited","param":null,"code":"1300","raw_status_code":429})[ECHEC apres 3 tentatives, element laisse tel quel]
Element 1040/1259 (<quote>)... OK
Element 1041/1259 (<quote>)... OK
Element 1042/1259 (<quote>)... OK
Element 1043/1259 (<quote>)... OK
Element 1044/1259 (<quote>)... OK
Element 1045/1259 (<quote>)... OK
Element 1046/1259 (<quote>)... OK
Element 1047/1259 (<quote>)... OK
Element 1048/1259 (<quote>)... OK
Element 1049/1259 (<quote>)... OK
Element 1050/1259 (<quote>)... OK
Element 1051/1259 (<quote>)... OK
Element 1052/1259 (<quote>)... OK
Element 1053/1259 (<quote>)... OK
Element 1054/1259 (<quote>)... OK
Element 1055/1259 (<quote>)... OK
Element 1056/1259 (<quote>)... OK
Element 1057/1259 (<quote>)... OK
Element 1058/1259 (<quote>)... OK
Element 1059/1259 (<quote>)... OK
Element 1060/1259 (<quote>)... OK
Element 1061/1259 (<quote>)... OK
Element 1062/1259 (<quote>)... OK
Element 1063/1259 (<quote>)... OK
Element 1064/1259 (<quote>)... OK
Element 1065/1259 (<quote>)... OK
Element 1066/1259 (<quote>)... OK
Element 1067/1259 (<quote>)... OK
Element 1068/1259 (<quote>)... OK
Element 1069/1259 (<quote>)... OK
Element 1070/1259 (<quote>)... OK
Element 1071/1259 (<quote>)... OK
Element 1072/1259 (<quote>)... OK
Element 1073/1259 (<quote>)... OK
Element 1074/1259 (<quote>)... OK
Element 1075/1259 (<quote>)... OK
Element 1076/1259 (<quote>)... OK
Element 1077/1259 (<quote>)... OK
Element 1078/1259 (<quote>)... OK
Element 1079/1259 (<quote>)... OK
Element 1080/1259 (<quote>)... OK
Element 1081/1259 (<quote>)... OK
Element 1082/1259 (<quote>)... OK
Element 1083/1259 (<quote>)... OK
Element 1084/1259 (<quote>)... OK
Element 1085/1259 (<quote>)... OK
Element 1086/1259 (<quote>)... OK
Element 1087/1259 (<quote>)... OK
Element 1088/1259 (<quote>)... OK
Element 1089/1259 (<quote>)...  (erreur tentative 1/3: API error occurred: Status 429
{"object":"error","message":"Rate limit exceeded","type":"rate_limited","param":null,"code":"1300","raw_status_code":429}) (erreur tentative 2/3: API error occurred: Status 429
{"object":"error","message":"Rate limit exceeded","type":"rate_limited","param":null,"code":"1300","raw_status_code":429}) (erreur tentative 3/3: API error occurred: Status 429
{"object":"error","message":"Rate limit exceeded","type":"rate_limited","param":null,"code":"1300","raw_status_code":429})[ECHEC apres 3 tentatives, element laisse tel quel]
Element 1090/1259 (<quote>)...  (erreur tentative 1/3: API error occurred: Status 429
{"object":"error","message":"Rate limit exceeded","type":"rate_limited","param":null,"code":"1300","raw_status_code":429})OK
Element 1091/1259 (<quote>)... OK
Element 1092/1259 (<quote>)... OK
Element 1093/1259 (<quote>)... OK
Element 1094/1259 (<quote>)... OK
Element 1095/1259 (<quote>)... OK
Element 1096/1259 (<quote>)... OK
Element 1097/1259 (<quote>)... OK
Element 1098/1259 (<quote>)... OK
Element 1099/1259 (<quote>)... OK
Element 1100/1259 (<quote>)... OK
Element 1101/1259 (<quote>)... OK
Element 1102/1259 (<quote>)... OK
Element 1103/1259 (<quote>)... OK
Element 1104/1259 (<quote>)... OK
Element 1105/1259 (<quote>)... OK
Element 1106/1259 (<quote>)... OK
Element 1107/1259 (<quote>)... OK
Element 1108/1259 (<quote>)... OK
Element 1109/1259 (<quote>)... OK
Element 1110/1259 (<quote>)... OK
Element 1111/1259 (<quote>)... OK
Element 1112/1259 (<quote>)... OK
Element 1113/1259 (<quote>)... OK
Element 1114/1259 (<quote>)... OK
Element 1115/1259 (<quote>)... OK
Element 1116/1259 (<quote>)... OK
Element 1117/1259 (<quote>)... OK
Element 1118/1259 (<quote>)... OK
Element 1119/1259 (<quote>)... OK
Element 1120/1259 (<quote>)... OK
Element 1121/1259 (<quote>)... OK
Element 1122/1259 (<quote>)... OK
Element 1123/1259 (<quote>)... OK
Element 1124/1259 (<quote>)... OK
Element 1125/1259 (<quote>)... OK
Element 1126/1259 (<quote>)... OK
Element 1127/1259 (<quote>)... OK
Element 1128/1259 (<quote>)... OK
Element 1129/1259 (<quote>)... OK
Element 1130/1259 (<quote>)... OK
Element 1131/1259 (<quote>)... OK
Element 1132/1259 (<quote>)... OK
Element 1133/1259 (<quote>)... OK
Element 1134/1259 (<quote>)... OK
Element 1135/1259 (<quote>)... OK
Element 1136/1259 (<quote>)... OK
Element 1137/1259 (<quote>)... OK
Element 1138/1259 (<quote>)... OK
Element 1139/1259 (<quote>)... OK
Element 1140/1259 (<quote>)...  (erreur tentative 1/3: API error occurred: Status 429
{"object":"error","message":"Rate limit exceeded","type":"rate_limited","param":null,"code":"1300","raw_status_code":429}) (erreur tentative 2/3: API error occurred: Status 429
{"object":"error","message":"Rate limit exceeded","type":"rate_limited","param":null,"code":"1300","raw_status_code":429})OK
Element 1141/1259 (<quote>)... [ECHEC apres 3 tentatives, element laisse tel quel]
Element 1142/1259 (<quote>)... OK
Element 1143/1259 (<quote>)... OK
Element 1144/1259 (<quote>)... OK
Element 1145/1259 (<quote>)... OK
Element 1146/1259 (<quote>)... OK
Element 1147/1259 (<quote>)... OK
Element 1148/1259 (<quote>)... OK
Element 1149/1259 (<quote>)... OK
Element 1150/1259 (<quote>)... OK
Element 1151/1259 (<quote>)... OK
Element 1152/1259 (<quote>)... OK
Element 1153/1259 (<quote>)... OK
Element 1154/1259 (<quote>)... OK
Element 1155/1259 (<quote>)... OK
Element 1156/1259 (<quote>)... OK
Element 1157/1259 (<quote>)... OK
Element 1158/1259 (<quote>)... OK
Element 1159/1259 (<quote>)... OK
Element 1160/1259 (<quote>)... OK
Element 1161/1259 (<quote>)... OK
Element 1162/1259 (<quote>)... OK
Element 1163/1259 (<quote>)... OK
Element 1164/1259 (<quote>)... OK
Element 1165/1259 (<quote>)... OK
Element 1166/1259 (<quote>)... OK
Element 1167/1259 (<quote>)... OK
Element 1168/1259 (<quote>)... OK
Element 1169/1259 (<quote>)... OK
Element 1170/1259 (<quote>)... OK
Element 1171/1259 (<quote>)... OK
Element 1172/1259 (<quote>)... OK
Element 1173/1259 (<quote>)... OK
Element 1174/1259 (<quote>)... OK
Element 1175/1259 (<quote>)... OK
Element 1176/1259 (<quote>)... OK
Element 1177/1259 (<quote>)... OK
Element 1178/1259 (<quote>)... OK
Element 1179/1259 (<quote>)... OK
Element 1180/1259 (<quote>)... OK
Element 1181/1259 (<quote>)... OK
Element 1182/1259 (<quote>)... OK
Element 1183/1259 (<quote>)... OK
Element 1184/1259 (<quote>)... OK
Element 1185/1259 (<quote>)... OK
Element 1186/1259 (<quote>)... OK
Element 1187/1259 (<quote>)... OK
Element 1188/1259 (<quote>)... OK
Element 1189/1259 (<quote>)... OK
Element 1190/1259 (<quote>)... OK
Element 1191/1259 (<quote>)... OK
Element 1192/1259 (<quote>)... OK
Element 1193/1259 (<quote>)... OK
Element 1194/1259 (<quote>)... OK
Element 1195/1259 (<quote>)... OK
Element 1196/1259 (<quote>)... OK
Element 1197/1259 (<quote>)... OK
Element 1198/1259 (<quote>)... OK
Element 1199/1259 (<quote>)... OK
Element 1200/1259 (<quote>)... OK
Element 1201/1259 (<quote>)... OK
Element 1202/1259 (<quote>)... OK
Element 1203/1259 (<quote>)... OK
Element 1204/1259 (<quote>)... OK
Element 1205/1259 (<quote>)... OK
Element 1206/1259 (<quote>)... OK
Element 1207/1259 (<quote>)... OK
Element 1208/1259 (<quote>)... OK
Element 1209/1259 (<quote>)... OK
Element 1210/1259 (<quote>)... OK
Element 1211/1259 (<quote>)... OK
Element 1212/1259 (<quote>)... OK
Element 1213/1259 (<quote>)... OK
Element 1214/1259 (<quote>)... OK
Element 1215/1259 (<quote>)... OK
Element 1216/1259 (<quote>)... OK
Element 1217/1259 (<quote>)... OK
Element 1218/1259 (<quote>)... OK
Element 1219/1259 (<quote>)... OK
Element 1220/1259 (<quote>)... OK
Element 1221/1259 (<quote>)... OK
Element 1222/1259 (<quote>)... OK
Element 1223/1259 (<quote>)... OK
Element 1224/1259 (<quote>)... OK
Element 1225/1259 (<quote>)... OK
Element 1226/1259 (<quote>)... OK
Element 1227/1259 (<quote>)... OK
Element 1228/1259 (<quote>)... OK
Element 1229/1259 (<quote>)... OK
Element 1230/1259 (<quote>)... OK
Element 1231/1259 (<quote>)... OK
Element 1232/1259 (<quote>)... OK
Element 1233/1259 (<quote>)... OK
Element 1234/1259 (<quote>)... OK
Element 1235/1259 (<quote>)... OK
Element 1236/1259 (<quote>)... OK
Element 1237/1259 (<quote>)... OK
Element 1238/1259 (<quote>)... OK
Element 1239/1259 (<quote>)... OK
Element 1240/1259 (<quote>)... OK
Element 1241/1259 (<quote>)... OK
Element 1242/1259 (<quote>)... OK
Element 1243/1259 (<quote>)... OK
Element 1244/1259 (<quote>)... OK
Element 1245/1259 (<quote>)... OK
Element 1246/1259 (<quote>)... OK
Element 1247/1259 (<quote>)... OK
Element 1248/1259 (<quote>)... OK
Element 1249/1259 (<quote>)... OK
Element 1250/1259 (<quote>)... OK
Element 1251/1259 (<quote>)... OK
Element 1252/1259 (<quote>)... OK
Element 1253/1259 (<quote>)... OK
Element 1254/1259 (<quote>)... OK
Element 1255/1259 (<quote>)... OK
Element 1256/1259 (<quote>)... OK
Element 1257/1259 (<quote>)... OK
Element 1258/1259 (<quote>)... OK
Element 1259/1259 (<quote>)... OK

Termine. Fichier mis a jour : Iohannes de Cuba - Hortus sanitatis, Liber de piscibus.xml
